SF:lib/src/cache/cache_manager.dart
DA:41,0
DA:43,0
DA:46,0
DA:48,0
DA:51,0
DA:53,0
DA:56,0
DA:58,0
LF:8
LH:0
end_of_record
SF:lib/src/data_manager/data/data_source/local_data_sources/global_local_data_source.dart
DA:61,1
DA:64,1
DA:66,2
DA:73,1
DA:76,2
DA:84,0
DA:87,0
DA:88,0
DA:91,0
DA:95,0
DA:99,0
DA:101,0
DA:105,0
DA:110,1
DA:114,2
DA:124,1
DA:127,2
DA:135,0
DA:138,0
DA:148,0
DA:151,0
DA:158,0
DA:160,0
DA:165,0
DA:168,0
DA:170,0
DA:178,0
DA:181,0
DA:182,0
DA:185,0
DA:189,0
DA:191,0
DA:195,0
DA:198,0
DA:208,0
DA:211,0
LF:36
LH:9
end_of_record
SF:lib/src/data_manager/domain/usecases/user/remove_user_usecase.dart
DA:8,1
DA:10,1
DA:12,2
LF:3
LH:3
end_of_record
SF:lib/src/global_config/global_config.dart
DA:13,0
DA:16,0
DA:22,0
DA:24,0
DA:25,0
DA:28,0
LF:6
LH:0
end_of_record
SF:lib/src/future/advanced_future.dart
DA:13,0
DA:20,0
DA:23,0
DA:25,0
DA:26,0
DA:29,0
DA:30,0
DA:31,0
DA:32,0
DA:33,0
DA:36,0
DA:41,0
DA:42,0
DA:43,0
DA:45,0
DA:49,0
DA:50,0
DA:51,0
DA:53,0
DA:56,0
DA:58,0
DA:61,0
DA:63,0
DA:66,0
DA:69,0
DA:72,0
DA:74,0
DA:77,0
DA:79,0
LF:29
LH:0
end_of_record
SF:lib/src/utils/device_util.dart
DA:10,0
DA:15,0
DA:21,0
DA:22,0
DA:23,0
DA:24,0
DA:26,0
DA:28,0
DA:30,0
DA:38,0
DA:39,0
DA:40,0
DA:41,0
DA:43,0
DA:45,0
DA:47,0
DA:54,0
DA:55,0
DA:57,0
DA:62,0
DA:64,0
DA:66,0
DA:71,0
DA:73,0
DA:78,0
DA:86,0
DA:87,0
DA:93,0
DA:94,0
DA:100,0
DA:101,0
LF:31
LH:0
end_of_record
SF:lib/src/constants/device_constants.dart
DA:2,0
LF:1
LH:0
end_of_record
SF:lib/src/constants/server_timeout_constants.dart
DA:2,0
LF:1
LH:0
end_of_record
SF:lib/src/data_manager/config/global_module_config.dart
DA:3,0
LF:1
LH:0
end_of_record
SF:lib/src/data_manager/data/data_source/remote_data_sources/global_api_data_source.dart
DA:9,0
LF:1
LH:0
end_of_record
SF:lib/src/data_manager/data/mapper/user_data_mapper.dart
DA:6,2
DA:8,2
DA:10,2
DA:11,2
DA:12,2
DA:13,2
DA:14,2
DA:15,2
DA:16,2
LF:9
LH:9
end_of_record
SF:lib/src/mapper/base/base_data_mapper.dart
DA:2,2
DA:6,0
DA:7,0
DA:15,0
DA:20,0
DA:23,0
DA:24,0
DA:27,0
DA:28,0
LF:9
LH:1
end_of_record
SF:lib/src/data_manager/data/models/response/user_dto/user_dto.dart
DA:12,0
DA:14,0
DA:27,1
DA:28,1
LF:4
LH:2
end_of_record
SF:lib/src/data_manager/data/models/response/user_dto/user_dto.g.dart
DA:9,2
DA:10,1
DA:11,1
DA:12,1
DA:13,1
DA:14,1
DA:15,1
DA:18,1
DA:19,1
DA:21,1
DA:23,1
DA:27,2
DA:28,2
DA:29,2
DA:30,2
DA:31,2
DA:32,2
LF:17
LH:17
end_of_record
SF:lib/src/data_manager/data/repositories_impl/current_user_repository_impl.dart
DA:11,1
DA:15,1
DA:18,2
DA:20,3
DA:23,1
DA:24,1
LF:6
LH:6
end_of_record
SF:lib/src/data_manager/data/repositories_impl/language_repository_impl.dart
DA:9,0
DA:11,0
DA:14,0
DA:16,0
DA:19,0
DA:20,0
DA:24,0
DA:27,0
DA:28,0
DA:29,0
DA:32,0
DA:33,0
LF:12
LH:0
end_of_record
SF:lib/src/data_manager/data/repositories_impl/onboarding_repository_impl.dart
DA:10,0
DA:14,0
DA:17,0
DA:18,0
DA:19,0
DA:20,0
DA:24,0
DA:27,0
DA:28,0
DA:29,0
DA:30,0
LF:11
LH:0
end_of_record
SF:lib/src/data_manager/data/repositories_impl/remove_user_repository_impl.dart
DA:11,0
DA:15,0
DA:18,0
DA:19,0
DA:21,0
LF:5
LH:0
end_of_record
SF:lib/src/data_manager/data/repositories_impl/theme_repository_impl.dart
DA:10,0
DA:17,0
DA:20,0
DA:21,0
DA:22,0
DA:23,0
DA:30,0
DA:33,0
DA:34,0
DA:35,0
DA:36,0
LF:11
LH:0
end_of_record
SF:lib/src/data_manager/domain/usecases/language/get_language_usecase.dart
DA:8,0
DA:10,0
DA:12,0
LF:3
LH:0
end_of_record
SF:lib/src/data_manager/models/language.dart
DA:11,0
DA:13,0
DA:14,0
DA:15,0
DA:17,0
DA:18,0
DA:19,0
DA:20,0
DA:21,0
LF:9
LH:0
end_of_record
SF:lib/src/data_manager/domain/usecases/language/set_language_usecase.dart
DA:8,0
DA:10,0
DA:12,0
LF:3
LH:0
end_of_record
SF:lib/src/data_manager/domain/usecases/onboard/get_onboard_status_usecase.dart
DA:7,0
DA:9,0
DA:11,0
LF:3
LH:0
end_of_record
SF:lib/src/data_manager/domain/usecases/onboard/set_done_onboard_usecase.dart
DA:8,0
DA:10,0
DA:12,0
LF:3
LH:0
end_of_record
SF:lib/src/data_manager/domain/usecases/theme/get_theme_usecase.dart
DA:8,1
DA:9,1
DA:11,2
LF:3
LH:3
end_of_record
SF:lib/src/data_manager/domain/usecases/theme/set_theme_usecase.dart
DA:8,1
DA:9,0
DA:11,0
LF:3
LH:1
end_of_record
SF:lib/src/data_manager/domain/usecases/user/get_user_usecase.dart
DA:9,1
DA:11,1
DA:13,2
LF:3
LH:3
end_of_record
SF:lib/src/data_manager/presentation/blocs/auth/auth_state.dart
DA:10,1
LF:1
LH:1
end_of_record
SF:lib/src/data_manager/presentation/blocs/auth/auth_bloc.dart
DA:10,3
DA:11,2
DA:12,4
DA:13,1
LF:4
LH:4
end_of_record
SF:lib/src/data_manager/presentation/blocs/language/language_bloc.dart
DA:17,0
DA:20,0
DA:21,0
DA:22,0
DA:23,0
DA:24,0
DA:27,0
DA:29,0
DA:30,0
DA:32,0
DA:35,0
DA:38,0
DA:39,0
DA:43,0
DA:44,0
DA:45,0
DA:48,0
DA:49,0
LF:18
LH:0
end_of_record
SF:lib/src/data_manager/presentation/blocs/language/language_state.dart
DA:9,0
DA:10,0
LF:2
LH:0
end_of_record
SF:lib/src/data_manager/presentation/blocs/theme/theme_state.dart
DA:7,1
LF:1
LH:1
end_of_record
SF:lib/src/data_manager/presentation/blocs/theme/theme_bloc.dart
DA:14,1
DA:17,2
DA:18,3
DA:19,1
DA:22,0
DA:24,0
DA:25,0
DA:26,0
DA:30,0
DA:32,0
DA:33,0
DA:34,0
LF:12
LH:4
end_of_record
SF:lib/src/data_manager/presentation/blocs/route/route_state.dart
DA:9,0
LF:1
LH:0
end_of_record
SF:lib/src/data_manager/presentation/blocs/route/route_cubit.dart
DA:8,0
DA:10,0
DA:11,0
DA:12,0
DA:15,0
DA:17,0
DA:19,0
DA:22,0
DA:23,0
DA:24,0
LF:10
LH:0
end_of_record
SF:lib/src/di/di_core.dart
DA:4,0
DA:10,0
DA:11,0
DA:12,0
DA:15,0
DA:16,0
DA:20,0
DA:21,0
DA:23,0
DA:24,0
DA:25,0
DA:28,0
DA:29,0
DA:30,0
DA:33,0
DA:34,0
DA:35,0
DA:38,0
DA:39,0
DA:40,0
DA:43,0
DA:44,0
DA:45,0
DA:50,0
DA:52,0
DA:53,0
DA:57,0
DA:62,0
DA:63,0
DA:64,0
DA:65,0
DA:66,0
DA:67,0
DA:68,0
DA:69,0
DA:72,0
DA:73,0
DA:74,0
DA:76,0
DA:77,0
DA:78,0
DA:80,0
DA:82,0
DA:84,0
DA:86,0
DA:87,0
DA:88,0
DA:91,0
DA:92,0
DA:93,0
LF:50
LH:0
end_of_record
SF:lib/src/di/modular.dart
DA:7,0
DA:9,0
DA:11,0
DA:12,0
DA:15,0
DA:16,0
DA:20,0
DA:22,0
DA:24,0
DA:25,0
DA:27,0
DA:28,0
LF:12
LH:0
end_of_record
SF:lib/src/exceptions/base/app_exception.dart
DA:2,25
LF:1
LH:1
end_of_record
SF:lib/src/exceptions/base/app_exception_wrapper.dart
DA:6,0
LF:1
LH:0
end_of_record
SF:lib/src/exceptions/cache/cache_exception.dart
DA:4,19
DA:5,0
LF:2
LH:1
end_of_record
SF:lib/src/exceptions/remote/remote_exception.dart
DA:4,6
DA:9,0
LF:2
LH:1
end_of_record
SF:lib/src/exceptions/remote/server_error/server_error.dart
DA:14,0
DA:15,0
LF:2
LH:0
end_of_record
SF:lib/src/exceptions/remote/server_error/server_error.g.dart
DA:9,0
DA:10,0
DA:11,0
DA:14,0
DA:15,0
DA:17,0
DA:19,0
DA:23,0
DA:24,0
LF:9
LH:0
end_of_record
SF:lib/src/exceptions/remote/dio_exception_mapper.dart
DA:13,0
DA:14,0
DA:15,0
DA:16,0
DA:18,0
DA:19,0
DA:20,0
DA:21,0
DA:25,0
DA:27,0
DA:28,0
DA:29,0
DA:30,0
DA:32,0
DA:33,0
DA:37,0
DA:38,0
DA:39,0
DA:41,0
DA:45,0
DA:46,0
DA:47,0
DA:51,0
DA:55,0
DA:58,0
DA:59,0
DA:60,0
DA:64,0
DA:65,0
DA:69,0
DA:73,0
DA:74,0
LF:32
LH:0
end_of_record
SF:lib/src/exceptions/parse/parse_exception.dart
DA:4,0
DA:5,0
DA:10,0
DA:12,0
LF:4
LH:0
end_of_record
SF:lib/src/formz/confirm_password_validator.dart
DA:11,0
DA:13,0
DA:15,0
DA:19,0
DA:21,0
DA:23,0
DA:26,0
LF:7
LH:0
end_of_record
SF:lib/src/formz/email_formz.dart
DA:6,0
DA:7,0
DA:9,0
DA:11,0
DA:13,0
LF:5
LH:0
end_of_record
SF:lib/src/formz/email_validation_formz.dart
DA:5,0
DA:6,0
DA:8,0
DA:12,0
DA:14,0
DA:16,0
DA:19,0
LF:7
LH:0
end_of_record
SF:lib/src/formz/password_formz.dart
DA:6,0
DA:7,0
DA:10,0
DA:12,0
DA:14,0
DA:16,0
LF:6
LH:0
end_of_record
SF:lib/src/formz/name_formz.dart
DA:8,0
DA:10,0
DA:13,0
DA:16,0
DA:20,0
DA:22,0
DA:25,0
LF:7
LH:0
end_of_record
SF:lib/src/formz/password_validator.dart
DA:6,0
DA:8,0
DA:10,0
DA:15,0
DA:18,0
LF:5
LH:0
end_of_record
SF:lib/src/helpers/app_cache_manager.dart
DA:4,0
DA:6,0
DA:10,0
LF:3
LH:0
end_of_record
SF:lib/src/helpers/app_info.dart
DA:13,0
DA:15,0
DA:16,0
DA:18,0
DA:19,0
DA:21,0
DA:22,0
DA:24,0
DA:25,0
LF:9
LH:0
end_of_record
SF:lib/src/helpers/auth_interceptor.dart
DA:10,0
DA:12,0
DA:25,0
DA:28,0
DA:30,0
DA:33,0
DA:37,0
DA:38,0
LF:8
LH:0
end_of_record
SF:lib/src/helpers/bloc_observer.dart
DA:25,0
DA:27,0
DA:28,0
DA:31,0
DA:33,0
DA:34,0
DA:37,0
DA:39,0
DA:40,0
DA:43,0
DA:45,0
DA:46,0
DA:49,0
DA:51,0
DA:52,0
DA:55,0
DA:57,0
LF:17
LH:0
end_of_record
SF:lib/src/helpers/validators.dart
DA:3,0
DA:7,0
DA:8,0
DA:12,0
DA:13,0
DA:16,0
DA:17,0
DA:24,0
DA:25,0
DA:28,0
DA:29,0
DA:33,0
DA:34,0
LF:13
LH:0
end_of_record
SF:lib/src/hive/hive_box_utils.dart
DA:7,0
DA:8,0
DA:9,0
DA:10,0
DA:12,0
LF:5
LH:0
end_of_record
SF:lib/src/hive/hive_initializer.dart
DA:8,0
DA:9,0
DA:10,0
DA:12,0
DA:13,0
DA:16,0
DA:19,0
DA:20,0
DA:23,0
DA:25,0
LF:10
LH:0
end_of_record
SF:lib/src/network/dio_builder.dart
DA:5,0
DA:7,0
DA:10,0
DA:11,0
DA:12,0
DA:14,0
DA:17,0
DA:18,0
DA:19,0
DA:20,0
LF:10
LH:0
end_of_record
SF:lib/src/network/interceptors/log_interceptor.dart
DA:10,0
DA:37,0
DA:42,0
DA:43,0
DA:45,0
DA:46,0
DA:47,0
DA:48,0
DA:49,0
DA:50,0
DA:51,0
DA:53,0
DA:54,0
DA:55,0
DA:57,0
DA:58,0
DA:59,0
DA:61,0
DA:62,0
DA:65,0
DA:70,0
DA:71,0
DA:72,0
DA:73,0
DA:74,0
DA:75,0
DA:77,0
DA:79,0
DA:82,0
DA:87,0
DA:88,0
DA:89,0
DA:92,0
DA:93,0
DA:94,0
DA:95,0
DA:96,0
DA:97,0
DA:99,0
DA:100,0
DA:102,0
DA:103,0
DA:104,0
DA:108,0
DA:109,0
DA:112,0
DA:113,0
LF:47
LH:0
end_of_record
SF:lib/src/network/network_info.dart
DA:12,0
DA:14,0
DA:15,0
LF:3
LH:0
end_of_record
SF:lib/src/utils/basic_utils.dart
DA:6,0
DA:8,0
DA:15,0
DA:16,0
DA:17,0
DA:20,0
DA:21,0
DA:22,0
DA:24,0
DA:27,0
DA:28,0
DA:35,0
DA:36,0
DA:37,0
LF:14
LH:0
end_of_record
SF:lib/src/utils/date_time_utils.dart
DA:2,0
DA:4,0
DA:5,0
DA:6,0
DA:8,0
DA:11,0
DA:12,0
DA:15,0
DA:16,0
DA:17,0
DA:20,0
DA:21,0
DA:23,0
DA:26,0
DA:27,0
DA:29,0
DA:30,0
DA:31,0
DA:32,0
DA:36,0
DA:37,0
DA:40,0
DA:41,0
DA:42,0
DA:43,0
DA:44,0
DA:45,0
DA:46,0
DA:47,0
DA:48,0
DA:58,0
DA:60,0
DA:63,0
DA:64,0
DA:65,0
DA:66,0
DA:67,0
DA:68,0
DA:69,0
DA:70,0
DA:71,0
LF:41
LH:0
end_of_record
SF:lib/src/utils/file_utils.dart
DA:10,0
DA:12,0
DA:27,0
DA:29,0
DA:31,0
DA:38,0
DA:44,0
DA:46,0
DA:48,0
DA:51,0
DA:53,0
DA:55,0
DA:56,0
DA:60,0
DA:62,0
DA:77,0
DA:78,0
DA:81,0
DA:82,0
DA:86,0
DA:88,0
DA:102,0
DA:104,0
DA:106,0
DA:107,0
DA:108,0
DA:109,0
DA:113,0
DA:124,0
DA:126,0
DA:128,0
DA:129,0
DA:130,0
DA:131,0
DA:135,0
DA:141,0
DA:143,0
DA:144,0
DA:146,0
DA:150,0
DA:153,0
DA:154,0
LF:42
LH:0
end_of_record
SF:lib/src/utils/log_utils.dart
DA:6,0
DA:11,0
DA:16,0
DA:19,0
DA:26,0
DA:27,0
DA:35,0
DA:37,0
DA:41,0
DA:52,0
LF:10
LH:0
end_of_record
SF:lib/src/utils/num_utils.dart
DA:2,0
DA:3,0
DA:6,0
DA:7,0
DA:10,0
DA:11,0
DA:14,0
DA:15,0
DA:20,0
DA:21,0
DA:24,0
DA:25,0
DA:28,0
DA:29,0
DA:32,0
DA:33,0
DA:36,0
DA:37,0
DA:42,0
DA:43,0
DA:46,0
DA:47,0
DA:50,0
DA:51,0
DA:54,0
DA:55,0
LF:26
LH:0
end_of_record
SF:lib/src/utils/parse_utils.dart
DA:4,0
DA:6,0
DA:8,0
DA:9,0
DA:10,0
DA:14,0
DA:16,0
DA:17,0
DA:18,0
LF:9
LH:0
end_of_record
SF:lib/src/utils/route/dialog_modal_route.dart
DA:6,0
DA:7,0
DA:14,0
DA:17,0
DA:22,0
LF:5
LH:0
end_of_record
SF:lib/src/utils/route/empty_router_page.dart
DA:5,0
LF:1
LH:0
end_of_record
