SF:lib/src/atom/counter/src/basic_counter.dart
DA:5,2
DA:13,2
DA:15,3
DA:16,2
DA:17,1
DA:38,1
DA:39,1
DA:58,1
DA:60,3
DA:61,3
DA:62,3
DA:63,1
DA:67,1
DA:70,2
DA:71,1
DA:72,8
DA:73,8
DA:76,4
DA:79,1
DA:80,1
DA:81,2
DA:82,2
DA:83,4
DA:85,1
DA:88,1
DA:90,1
DA:91,1
DA:92,1
DA:93,1
DA:94,4
DA:97,1
DA:98,1
DA:99,3
DA:102,2
DA:106,1
DA:107,1
DA:110,2
DA:114,2
DA:115,1
DA:117,1
LF:40
LH:40
end_of_record
SF:lib/src/atom/counter/src/content/counter_background.dart
DA:6,2
DA:8,1
DA:10,1
DA:11,1
DA:12,3
DA:13,2
DA:14,1
DA:15,1
DA:16,1
DA:17,1
LF:10
LH:10
end_of_record
SF:lib/src/atom/counter/src/content/counter_buttons.dart
DA:8,1
DA:10,1
DA:16,1
DA:18,2
DA:19,3
DA:20,2
DA:22,1
DA:25,1
DA:26,1
DA:28,1
DA:31,1
DA:33,2
DA:34,1
DA:36,2
DA:38,1
DA:40,1
LF:16
LH:16
end_of_record
SF:lib/src/atom/counter/src/content/icon_button_counter.dart
DA:6,1
DA:10,1
DA:17,1
DA:19,1
DA:20,3
DA:21,3
DA:22,3
DA:23,1
DA:27,1
DA:28,3
DA:29,2
DA:30,1
DA:31,1
DA:32,1
DA:33,1
DA:35,1
DA:37,1
DA:38,1
LF:18
LH:18
end_of_record
SF:lib/src/atom/divider/basic_divider.dart
DA:5,0
DA:10,0
DA:12,0
DA:13,0
DA:14,0
LF:5
LH:0
end_of_record
SF:lib/src/atom/fab/src/basic_fab.dart
DA:17,0
DA:25,0
DA:33,0
DA:41,0
DA:49,1
DA:57,0
DA:65,0
DA:73,0
DA:81,1
DA:87,1
DA:88,1
DA:89,3
DA:90,3
DA:91,4
DA:94,0
DA:95,0
DA:96,0
DA:97,0
DA:100,0
DA:101,0
DA:102,0
DA:103,0
DA:104,0
DA:105,0
DA:106,0
DA:109,0
DA:110,0
DA:111,0
DA:113,0
DA:117,0
DA:118,0
DA:119,0
DA:123,2
DA:124,1
DA:125,1
DA:129,1
DA:130,1
DA:134,1
DA:135,1
DA:141,0
DA:142,0
DA:146,0
DA:147,0
LF:43
LH:14
end_of_record
SF:lib/src/atom/image/custom_image_network.dart
DA:7,0
DA:9,0
DA:14,0
DA:16,0
DA:19,0
DA:21,0
DA:22,0
DA:23,0
DA:24,0
DA:26,0
DA:27,0
DA:28,0
DA:29,0
DA:34,0
DA:35,0
DA:37,0
DA:38,0
DA:39,0
DA:40,0
LF:19
LH:0
end_of_record
SF:lib/src/atom/tag/src/basic_tag.dart
DA:6,1
DA:12,0
DA:29,0
DA:30,0
DA:36,1
DA:38,1
DA:39,2
DA:40,3
DA:41,0
DA:43,1
DA:44,2
DA:47,2
DA:48,2
DA:49,0
DA:50,1
DA:51,1
DA:52,1
DA:53,3
LF:18
LH:13
end_of_record
SF:lib/src/atom/text/basic_text.dart
DA:6,2
DA:13,2
DA:35,2
DA:37,6
DA:39,2
DA:40,2
DA:41,0
DA:44,2
DA:45,0
DA:48,2
DA:49,0
DA:52,2
DA:53,0
DA:56,2
DA:57,0
DA:60,2
DA:61,0
DA:64,2
DA:65,0
DA:68,2
DA:69,0
DA:72,2
DA:73,0
DA:76,2
DA:77,0
DA:80,2
DA:81,0
DA:84,2
DA:85,0
DA:88,2
DA:89,3
DA:92,1
DA:93,0
DA:96,1
DA:97,3
DA:100,0
DA:101,0
DA:104,0
DA:105,0
DA:109,2
DA:110,2
DA:111,4
DA:112,2
DA:113,2
DA:114,2
LF:45
LH:28
end_of_record
SF:lib/src/atom/thumbnail/src/basic_thumbnail.dart
DA:9,0
DA:17,0
DA:36,1
DA:45,0
DA:54,1
DA:63,0
DA:72,0
DA:81,1
DA:83,2
DA:85,1
DA:86,1
DA:87,0
DA:88,0
DA:89,0
DA:90,0
DA:91,0
DA:95,1
DA:96,0
DA:97,0
DA:98,0
DA:99,0
DA:100,0
DA:101,0
DA:107,1
DA:108,0
DA:109,0
DA:110,0
DA:112,0
DA:113,0
DA:120,0
DA:121,0
DA:128,0
DA:129,0
DA:130,0
DA:132,0
DA:135,0
DA:136,0
DA:137,0
DA:138,0
DA:140,0
DA:141,0
DA:142,0
DA:143,0
DA:146,1
DA:147,1
DA:148,0
DA:149,0
DA:151,1
DA:152,1
DA:159,0
DA:160,0
DA:167,0
DA:168,0
DA:169,0
DA:171,0
DA:173,0
DA:174,0
DA:175,0
DA:177,2
DA:178,1
DA:179,0
DA:180,0
DA:183,1
DA:184,1
DA:185,0
DA:186,0
DA:187,1
DA:188,1
DA:195,0
DA:196,0
DA:197,0
DA:198,0
DA:199,0
DA:200,0
DA:203,0
DA:204,0
DA:205,0
DA:206,0
DA:209,0
DA:210,0
DA:211,0
DA:213,0
DA:214,0
DA:215,0
DA:216,0
DA:219,0
DA:220,1
DA:221,1
DA:222,0
DA:224,0
DA:225,1
DA:229,1
DA:231,1
DA:233,1
DA:234,2
DA:238,0
DA:240,0
DA:241,2
DA:242,1
DA:243,1
DA:244,1
DA:245,1
DA:246,1
DA:249,1
DA:252,1
DA:253,2
DA:255,0
DA:256,1
DA:257,0
DA:258,0
DA:270,1
DA:272,1
DA:276,1
DA:278,4
DA:279,1
DA:282,1
DA:283,0
DA:285,1
DA:286,1
DA:287,1
DA:288,1
DA:289,0
LF:122
LH:45
end_of_record
SF:lib/src/molecule/button/src/basic_button.dart
DA:26,0
DA:34,0
DA:42,0
DA:50,0
DA:58,0
DA:66,0
DA:74,0
DA:82,0
DA:84,0
DA:85,0
DA:86,0
DA:87,0
DA:88,0
DA:89,0
DA:90,0
DA:92,0
DA:93,0
DA:94,0
DA:95,0
DA:96,0
DA:97,0
DA:98,0
DA:99,0
DA:100,0
DA:101,0
DA:102,0
DA:103,0
DA:104,0
DA:105,0
DA:107,0
DA:108,0
DA:109,0
DA:110,0
DA:111,0
LF:34
LH:0
end_of_record
SF:lib/src/molecule/button/src/model/icon_model.dart
DA:11,0
LF:1
LH:0
end_of_record
SF:lib/src/molecule/button/src/basic_icon_button.dart
DA:17,0
DA:23,0
DA:29,0
DA:35,0
DA:41,0
DA:46,0
DA:48,0
DA:49,0
DA:50,0
DA:52,0
DA:55,0
DA:56,0
DA:57,0
DA:58,0
DA:60,0
DA:63,0
DA:68,0
DA:69,0
DA:71,0
DA:75,0
DA:79,0
DA:80,0
DA:85,0
DA:86,0
DA:89,0
DA:90,0
LF:26
LH:0
end_of_record
SF:lib/src/molecule/button/src/content/custom_text_button.dart
DA:7,0
DA:13,0
DA:20,0
DA:22,0
DA:23,0
DA:24,0
DA:25,0
DA:28,0
DA:30,0
DA:31,0
DA:32,0
DA:33,0
DA:34,0
DA:36,0
DA:40,0
DA:41,0
DA:42,0
DA:43,0
DA:46,0
DA:47,0
DA:48,0
DA:49,0
LF:22
LH:0
end_of_record
SF:lib/src/molecule/button/src/content/custom_outlined_button.dart
DA:6,0
DA:12,0
DA:19,0
DA:21,0
DA:22,0
DA:23,0
DA:24,0
DA:25,0
DA:27,0
DA:30,0
DA:31,0
DA:32,0
DA:33,0
DA:35,0
DA:36,0
DA:37,0
DA:38,0
DA:40,0
DA:42,0
DA:43,0
DA:44,0
DA:45,0
DA:46,0
DA:48,0
DA:51,0
DA:52,0
DA:53,0
DA:54,0
DA:55,0
DA:58,0
DA:59,0
DA:61,0
LF:32
LH:0
end_of_record
SF:lib/src/molecule/button/src/content/custom_filled_button.dart
DA:6,0
DA:12,0
DA:19,0
DA:21,0
DA:22,0
DA:23,0
DA:24,0
DA:27,0
DA:28,0
DA:29,0
DA:30,0
DA:31,0
DA:32,0
DA:33,0
DA:36,0
DA:37,0
DA:38,0
DA:39,0
LF:18
LH:0
end_of_record
SF:lib/src/molecule/button/src/content/custom_tonal_button.dart
DA:7,0
DA:9,0
DA:15,0
DA:17,0
DA:18,0
DA:20,0
DA:21,0
DA:22,0
DA:23,0
DA:24,0
DA:25,0
DA:26,0
DA:27,0
DA:28,0
DA:29,0
DA:31,0
DA:33,0
DA:34,0
DA:35,0
DA:43,0
DA:45,0
DA:46,0
DA:48,0
LF:23
LH:0
end_of_record
SF:lib/src/molecule/button/src/content/button_row_content.dart
DA:7,0
DA:9,0
DA:15,0
DA:17,0
DA:18,0
DA:20,0
DA:21,0
DA:22,0
DA:25,0
DA:29,0
DA:30,0
DA:31,0
DA:32,0
DA:35,0
DA:36,0
DA:37,0
DA:38,0
DA:39,0
LF:18
LH:0
end_of_record
SF:lib/src/molecule/input/src/date_input.dart
DA:8,0
DA:24,0
DA:72,0
DA:73,0
DA:79,0
DA:81,0
DA:82,0
DA:85,0
DA:87,0
DA:88,0
DA:91,0
DA:93,0
DA:94,0
DA:95,0
DA:96,0
DA:97,0
DA:99,0
DA:100,0
DA:101,0
DA:102,0
DA:103,0
DA:104,0
DA:105,0
DA:107,0
DA:108,0
DA:109,0
DA:112,0
DA:113,0
DA:114,0
LF:29
LH:0
end_of_record
SF:lib/src/molecule/input/src/time_input.dart
DA:8,0
DA:22,0
DA:64,0
DA:65,0
DA:71,0
DA:73,0
DA:74,0
DA:77,0
DA:79,0
DA:80,0
DA:83,0
DA:85,0
DA:86,0
DA:87,0
DA:88,0
DA:89,0
DA:91,0
DA:92,0
DA:93,0
DA:94,0
DA:95,0
DA:96,0
DA:97,0
DA:98,0
DA:99,0
DA:103,0
DA:105,0
DA:106,0
DA:107,0
LF:29
LH:0
end_of_record
SF:lib/src/molecule/input/src/default_input.dart
DA:8,0
DA:23,0
DA:68,0
DA:70,0
DA:71,0
DA:72,0
DA:73,0
DA:74,0
DA:75,0
DA:76,0
DA:77,0
DA:78,0
DA:79,0
DA:80,0
DA:81,0
DA:82,0
DA:83,0
LF:17
LH:0
end_of_record
SF:lib/src/molecule/input/src/multi_lines_input.dart
DA:8,0
DA:24,0
DA:72,0
DA:74,0
DA:75,0
DA:76,0
DA:77,0
DA:78,0
DA:79,0
DA:80,0
DA:81,0
DA:82,0
DA:83,0
DA:84,0
DA:85,0
DA:86,0
DA:87,0
DA:88,0
DA:89,0
LF:19
LH:0
end_of_record
SF:lib/src/molecule/input/src/code_input.dart
DA:8,0
DA:27,0
DA:84,0
DA:85,0
DA:91,0
DA:93,0
DA:94,0
DA:97,0
DA:99,0
DA:100,0
DA:103,0
DA:105,0
DA:108,0
DA:109,0
DA:111,0
DA:112,0
DA:113,0
DA:114,0
DA:115,0
DA:116,0
DA:117,0
DA:118,0
DA:119,0
DA:120,0
DA:121,0
DA:122,0
DA:123,0
DA:124,0
DA:126,0
DA:127,0
DA:130,0
DA:131,0
DA:132,0
DA:133,0
DA:134,0
DA:135,0
DA:136,0
DA:137,0
DA:138,0
DA:139,0
DA:140,0
DA:141,0
DA:142,0
DA:143,0
DA:144,0
DA:145,0
DA:146,0
DA:147,0
DA:148,0
DA:149,0
DA:151,0
DA:152,0
DA:153,0
DA:154,0
DA:155,0
DA:156,0
DA:157,0
DA:158,0
DA:159,0
DA:160,0
DA:161,0
DA:162,0
LF:62
LH:0
end_of_record
SF:lib/src/molecule/input/src/dropdown_input.dart
DA:5,0
DA:14,0
DA:41,0
DA:42,0
DA:49,0
DA:51,0
DA:52,0
DA:54,0
DA:55,0
DA:58,0
DA:60,0
DA:61,0
DA:62,0
DA:65,0
DA:66,0
DA:69,0
DA:71,0
DA:72,0
DA:74,0
DA:76,0
DA:78,0
DA:80,0
DA:81,0
DA:82,0
DA:83,0
DA:84,0
DA:86,0
DA:88,0
DA:89,0
DA:93,0
DA:95,0
DA:96,0
DA:97,0
DA:98,0
DA:99,0
DA:101,0
DA:102,0
DA:103,0
DA:104,0
DA:105,0
DA:107,0
DA:110,0
DA:115,0
DA:116,0
LF:44
LH:0
end_of_record
SF:lib/src/molecule/input/src/model/input_state_model.dart
DA:4,0
LF:1
LH:0
end_of_record
SF:lib/src/molecule/input/src/content/dropdown_item_widget.dart
DA:7,0
DA:8,0
DA:13,0
DA:15,0
DA:18,0
DA:19,0
DA:20,0
DA:21,0
DA:22,0
DA:24,0
DA:26,0
LF:11
LH:0
end_of_record
SF:lib/src/molecule/input/src/basic_input.dart
DA:8,0
DA:36,0
DA:62,0
DA:63,0
DA:70,0
DA:72,0
DA:73,0
DA:74,0
DA:75,0
DA:78,0
DA:80,0
DA:81,0
DA:82,0
DA:83,0
DA:86,0
DA:87,0
DA:90,0
DA:94,0
DA:95,0
DA:96,0
DA:98,0
DA:100,0
DA:102,0
DA:103,0
DA:104,0
DA:105,0
DA:109,0
DA:115,0
DA:122,0
DA:123,0
DA:126,0
DA:127,0
DA:128,0
DA:129,0
DA:130,0
DA:131,0
DA:132,0
DA:133,0
DA:134,0
DA:135,0
DA:136,0
DA:137,0
DA:138,0
DA:139,0
DA:140,0
DA:141,0
DA:142,0
DA:143,0
DA:144,0
DA:145,0
DA:146,0
DA:147,0
DA:148,0
DA:150,0
DA:151,0
DA:155,0
DA:157,0
DA:158,0
DA:162,0
DA:164,0
DA:165,0
DA:169,0
DA:171,0
DA:172,0
DA:176,0
DA:178,0
DA:179,0
DA:180,0
DA:181,0
DA:182,0
DA:183,0
DA:187,0
DA:188,0
DA:191,0
DA:192,0
DA:193,0
DA:195,0
DA:196,0
DA:201,0
DA:203,0
DA:205,0
DA:206,0
DA:211,0
DA:212,0
LF:84
LH:0
end_of_record
SF:lib/src/molecule/search/search_custom.dart
DA:7,0
DA:8,0
DA:16,0
DA:17,0
DA:22,0
DA:24,0
DA:25,0
DA:26,0
DA:27,0
DA:28,0
DA:29,0
DA:30,0
DA:31,0
DA:32,0
DA:39,0
DA:41,0
DA:43,0
DA:45,0
DA:46,0
DA:47,0
DA:51,0
DA:52,0
DA:53,0
DA:55,0
DA:56,0
DA:57,0
DA:59,0
DA:60,0
DA:61,0
LF:29
LH:0
end_of_record
SF:lib/src/molecule/search/search_input_material.dart
DA:7,0
DA:9,0
DA:10,0
DA:12,0
DA:13,0
DA:19,0
DA:21,0
DA:22,0
DA:23,0
DA:25,0
DA:27,0
DA:29,0
DA:31,0
DA:32,0
DA:37,0
DA:45,0
DA:49,0
DA:51,0
DA:52,0
DA:53,0
DA:54,0
DA:56,0
DA:59,0
DA:60,0
DA:61,0
DA:62,0
DA:63,0
DA:64,0
DA:66,0
LF:29
LH:0
end_of_record
SF:lib/src/organism/card/card_description/src/card/card_description.dart
DA:18,0
DA:31,0
DA:33,0
DA:46,0
DA:47,0
DA:60,0
DA:61,0
DA:63,0
DA:65,0
DA:66,0
DA:67,0
DA:68,0
DA:69,0
DA:70,0
DA:71,0
DA:73,0
DA:74,0
DA:76,0
DA:77,0
DA:78,0
DA:79,0
DA:80,0
DA:81,0
DA:82,0
DA:83,0
DA:86,0
DA:87,0
DA:89,0
DA:90,0
DA:93,0
DA:94,0
DA:95,0
DA:98,0
DA:99,0
DA:101,0
DA:102,0
DA:103,0
DA:104,0
DA:106,0
DA:107,0
DA:108,0
DA:109,0
DA:112,0
DA:113,0
DA:114,0
DA:115,0
DA:117,0
DA:118,0
DA:119,0
DA:120,0
DA:121,0
DA:122,0
DA:124,0
DA:127,0
DA:136,0
DA:139,0
DA:140,0
DA:141,0
DA:142,0
DA:143,0
DA:145,0
DA:151,0
DA:152,0
DA:153,0
DA:154,0
DA:155,0
DA:157,0
DA:168,0
DA:170,0
DA:171,0
DA:173,0
DA:174,0
DA:175,0
DA:180,0
DA:181,0
DA:182,0
DA:185,0
DA:186,0
LF:78
LH:0
end_of_record
SF:lib/src/organism/card/card_image_cover/src/card/card_image_cover.dart
DA:6,0
DA:19,0
DA:40,0
DA:54,0
DA:68,0
DA:82,0
DA:96,0
DA:110,0
DA:124,0
DA:126,0
DA:127,0
DA:128,0
DA:129,0
DA:132,0
DA:133,0
DA:134,0
DA:135,0
DA:137,0
DA:140,0
DA:141,0
DA:142,0
DA:145,0
DA:146,0
DA:147,0
DA:149,0
DA:150,0
DA:151,0
DA:152,0
DA:154,0
DA:155,0
DA:156,0
DA:158,0
DA:160,0
DA:161,0
DA:165,0
DA:166,0
DA:167,0
DA:168,0
DA:169,0
DA:170,0
DA:171,0
DA:172,0
DA:173,0
DA:174,0
DA:175,0
DA:181,0
DA:183,0
DA:184,0
DA:185,0
DA:186,0
DA:188,0
LF:51
LH:0
end_of_record
SF:lib/src/organism/card/card_image_cover/src/content/card_body.dart
DA:7,0
DA:19,0
DA:36,0
DA:38,0
DA:39,0
DA:40,0
DA:41,0
DA:42,0
DA:43,0
DA:44,0
DA:46,0
DA:47,0
DA:48,0
DA:49,0
DA:50,0
DA:51,0
DA:52,0
DA:53,0
DA:54,0
DA:55,0
DA:56,0
DA:60,0
DA:61,0
DA:63,0
DA:64,0
DA:67,0
DA:69,0
DA:70,0
DA:73,0
DA:74,0
DA:76,0
DA:77,0
DA:78,0
DA:79,0
DA:80,0
DA:83,0
DA:84,0
DA:86,0
DA:92,0
DA:93,0
DA:94,0
DA:95,0
DA:96,0
DA:98,0
DA:104,0
DA:105,0
DA:106,0
DA:107,0
DA:108,0
DA:110,0
LF:50
LH:0
end_of_record
SF:lib/src/organism/card/card_media/card_media/card_media.dart
DA:19,0
DA:29,0
DA:39,0
DA:41,0
DA:42,0
DA:43,0
DA:44,0
DA:45,0
DA:46,0
DA:50,0
DA:51,0
DA:52,0
DA:53,0
DA:54,0
DA:57,0
DA:59,0
DA:60,0
DA:61,0
DA:62,0
DA:63,0
DA:64,0
DA:68,0
DA:69,0
DA:70,0
DA:71,0
DA:72,0
DA:73,0
DA:74,0
DA:75,0
DA:76,0
DA:77,0
DA:78,0
DA:81,0
DA:82,0
DA:90,0
DA:92,0
DA:93,0
DA:94,0
DA:95,0
DA:97,0
LF:40
LH:0
end_of_record
SF:lib/src/organism/card/card_media/content/card_media_body.dart
DA:7,0
DA:11,0
DA:17,0
DA:19,0
DA:20,0
DA:21,0
DA:22,0
DA:24,0
DA:26,0
DA:28,0
DA:33,0
LF:11
LH:0
end_of_record
SF:lib/src/utils/grid_deletate_sliver.dart
DA:11,0
DA:16,0
DA:17,0
DA:18,0
DA:19,0
DA:33,0
DA:34,0
DA:35,0
DA:36,0
DA:37,0
DA:41,0
DA:43,0
DA:45,0
DA:46,0
DA:47,0
DA:48,0
DA:49,0
DA:50,0
DA:51,0
DA:54,0
DA:58,0
DA:61,0
DA:62,0
DA:63,0
DA:64,0
LF:25
LH:0
end_of_record
SF:lib/src/utils/utils.dart
DA:6,0
DA:8,0
DA:15,0
DA:16,0
DA:17,0
DA:20,0
DA:21,0
DA:22,0
DA:24,0
DA:27,1
DA:28,0
DA:35,0
DA:36,0
DA:37,0
LF:14
LH:1
end_of_record
